<?xml version="1.0" encoding="UTF-8"?>
<testsuite xmlns:xsi="http://www.w3.org/2001/XMLSchema-instance" xsi:noNamespaceSchemaLocation="https://maven.apache.org/surefire/maven-surefire-plugin/xsd/surefire-test-report-3.0.xsd" version="3.0" name="com.example.elevator.ElevatorAnimatorTest" time="13.283" tests="9" errors="0" skipped="0" failures="0">
  <properties>
    <property name="java.specification.version" value="19"/>
    <property name="sun.jnu.encoding" value="UTF-8"/>
    <property name="sun.awt.enableExtraMouseButtons" value="true"/>
    <property name="java.class.path" value="/Users/muhammadabdullah/Desktop/University/Year 2/Sem 2/CPS406/NewEMS/target/test-classes:/Users/muhammadabdullah/Desktop/University/Year 2/Sem 2/CPS406/NewEMS/target/classes:/Users/muhammadabdullah/.m2/repository/org/junit/jupiter/junit-jupiter-engine/5.8.2/junit-jupiter-engine-5.8.2.jar:/Users/muhammadabdullah/.m2/repository/org/junit/platform/junit-platform-engine/1.8.2/junit-platform-engine-1.8.2.jar:/Users/muhammadabdullah/.m2/repository/org/opentest4j/opentest4j/1.2.0/opentest4j-1.2.0.jar:/Users/muhammadabdullah/.m2/repository/org/junit/platform/junit-platform-commons/1.8.2/junit-platform-commons-1.8.2.jar:/Users/muhammadabdullah/.m2/repository/org/junit/jupiter/junit-jupiter-api/5.8.2/junit-jupiter-api-5.8.2.jar:/Users/muhammadabdullah/.m2/repository/org/apiguardian/apiguardian-api/1.1.2/apiguardian-api-1.1.2.jar:"/>
    <property name="java.vm.vendor" value="Homebrew"/>
    <property name="sun.arch.data.model" value="64"/>
    <property name="java.vendor.url" value="https://github.com/Homebrew/homebrew-core/issues"/>
    <property name="os.name" value="Mac OS X"/>
    <property name="java.vm.specification.version" value="19"/>
    <property name="sun.java.launcher" value="SUN_STANDARD"/>
    <property name="user.country" value="CA"/>
    <property name="sun.boot.library.path" value="/opt/homebrew/Cellar/openjdk/19.0.2/libexec/openjdk.jdk/Contents/Home/lib"/>
    <property name="sun.java.command" value="/Users/muhammadabdullah/Desktop/University/Year 2/Sem 2/CPS406/NewEMS/target/surefire/surefirebooter-20230328141157240_3.jar /Users/muhammadabdullah/Desktop/University/Year 2/Sem 2/CPS406/NewEMS/target/surefire 2023-03-28T14-11-57_168-jvmRun1 surefire-20230328141157240_1tmp surefire_0-20230328141157240_2tmp"/>
    <property name="http.nonProxyHosts" value="local|*.local|169.254/16|*.169.254/16"/>
    <property name="jdk.debug" value="release"/>
    <property name="surefire.test.class.path" value="/Users/muhammadabdullah/Desktop/University/Year 2/Sem 2/CPS406/NewEMS/target/test-classes:/Users/muhammadabdullah/Desktop/University/Year 2/Sem 2/CPS406/NewEMS/target/classes:/Users/muhammadabdullah/.m2/repository/org/junit/jupiter/junit-jupiter-engine/5.8.2/junit-jupiter-engine-5.8.2.jar:/Users/muhammadabdullah/.m2/repository/org/junit/platform/junit-platform-engine/1.8.2/junit-platform-engine-1.8.2.jar:/Users/muhammadabdullah/.m2/repository/org/opentest4j/opentest4j/1.2.0/opentest4j-1.2.0.jar:/Users/muhammadabdullah/.m2/repository/org/junit/platform/junit-platform-commons/1.8.2/junit-platform-commons-1.8.2.jar:/Users/muhammadabdullah/.m2/repository/org/junit/jupiter/junit-jupiter-api/5.8.2/junit-jupiter-api-5.8.2.jar:/Users/muhammadabdullah/.m2/repository/org/apiguardian/apiguardian-api/1.1.2/apiguardian-api-1.1.2.jar:"/>
    <property name="sun.cpu.endian" value="little"/>
    <property name="user.home" value="/Users/muhammadabdullah"/>
    <property name="user.language" value="en"/>
    <property name="java.specification.vendor" value="Oracle Corporation"/>
    <property name="java.version.date" value="2023-01-17"/>
    <property name="java.home" value="/opt/homebrew/Cellar/openjdk/19.0.2/libexec/openjdk.jdk/Contents/Home"/>
    <property name="file.separator" value="/"/>
    <property name="basedir" value="/Users/muhammadabdullah/Desktop/University/Year 2/Sem 2/CPS406/NewEMS"/>
    <property name="java.vm.compressedOopsMode" value="Zero based"/>
    <property name="line.separator" value="&#10;"/>
    <property name="java.vm.specification.vendor" value="Oracle Corporation"/>
    <property name="java.specification.name" value="Java Platform API Specification"/>
    <property name="apple.awt.application.name" value="ForkedBooter"/>
    <property name="surefire.real.class.path" value="/Users/muhammadabdullah/Desktop/University/Year 2/Sem 2/CPS406/NewEMS/target/surefire/surefirebooter-20230328141157240_3.jar"/>
    <property name="sun.management.compiler" value="HotSpot 64-Bit Tiered Compilers"/>
    <property name="ftp.nonProxyHosts" value="local|*.local|169.254/16|*.169.254/16"/>
    <property name="java.runtime.version" value="19.0.2"/>
    <property name="user.name" value="muhammadabdullah"/>
    <property name="stdout.encoding" value="UTF-8"/>
    <property name="path.separator" value=":"/>
    <property name="os.version" value="13.0"/>
    <property name="java.runtime.name" value="OpenJDK Runtime Environment"/>
    <property name="file.encoding" value="UTF-8"/>
    <property name="java.vm.name" value="OpenJDK 64-Bit Server VM"/>
    <property name="java.vendor.version" value="Homebrew"/>
    <property name="localRepository" value="/Users/muhammadabdullah/.m2/repository"/>
    <property name="java.vendor.url.bug" value="https://github.com/Homebrew/homebrew-core/issues"/>
    <property name="java.io.tmpdir" value="/var/folders/r7/t1sjss494z5dz12l6dmfpmww0000gn/T/"/>
    <property name="java.version" value="19.0.2"/>
    <property name="user.dir" value="/Users/muhammadabdullah/Desktop/University/Year 2/Sem 2/CPS406/NewEMS"/>
    <property name="os.arch" value="aarch64"/>
    <property name="java.vm.specification.name" value="Java Virtual Machine Specification"/>
    <property name="native.encoding" value="UTF-8"/>
    <property name="java.library.path" value="/Users/muhammadabdullah/Library/Java/Extensions:/Library/Java/Extensions:/Network/Library/Java/Extensions:/System/Library/Java/Extensions:/usr/lib/java:."/>
    <property name="java.vm.info" value="mixed mode, sharing"/>
    <property name="stderr.encoding" value="UTF-8"/>
    <property name="java.vendor" value="Homebrew"/>
    <property name="java.vm.version" value="19.0.2"/>
    <property name="sun.io.unicode.encoding" value="UnicodeBig"/>
    <property name="socksNonProxyHosts" value="local|*.local|169.254/16|*.169.254/16"/>
    <property name="java.class.version" value="63.0"/>
  </properties>
  <testcase name="testMoveToSingleFloor" classname="com.example.elevator.ElevatorAnimatorTest" time="5.237"/>
  <testcase name="testElevatorSetPosition" classname="com.example.elevator.ElevatorAnimatorTest" time="0.002"/>
  <testcase name="testElevatorGetPosition" classname="com.example.elevator.ElevatorAnimatorTest" time="0.002"/>
  <testcase name="testMoveToMultipleFloors" classname="com.example.elevator.ElevatorAnimatorTest" time="8.007"/>
  <testcase name="testElevatorSimulationPanelUpdate" classname="com.example.elevator.ElevatorAnimatorTest" time="0.002"/>
  <testcase name="testElevatorButtonActionPerformed" classname="com.example.elevator.ElevatorAnimatorTest" time="0.006"/>
  <testcase name="testElevatorGUICreateAndShowGUI" classname="com.example.elevator.ElevatorAnimatorTest" time="0.001"/>
  <testcase name="testElevatorSimulationPanelPaintComponent" classname="com.example.elevator.ElevatorAnimatorTest" time="0.002"/>
  <testcase name="testInitialState" classname="com.example.elevator.ElevatorAnimatorTest" time="0.002"/>
</testsuite>